{"message":"server on http://localhost:3000 :)","level":"info","timestamp":"2020-06-26T09:54:49.243Z"}
{"message":"::1 - - [26/Jun/2020:09:55:06 +0000] \"GET /api/days/2020-06-01T05:00:00.000Z/2020-08-01T04:59:59.999Z HTTP/1.1\" 304 - \"http://localhost:3789/\" \"Mozilla/5.0 (Windows NT 10.0; Win64; x64; rv:77.0) Gecko/20100101 Firefox/77.0\"\n","level":"info","timestamp":"2020-06-26T09:55:06.085Z"}
{"message":"::1 - - [26/Jun/2020:09:55:23 +0000] \"GET /api/date/2020-07-09T05:00:00.000Z/2020-07-10T05:00:00.000Z HTTP/1.1\" 200 162 \"http://localhost:3789/\" \"Mozilla/5.0 (Windows NT 10.0; Win64; x64; rv:77.0) Gecko/20100101 Firefox/77.0\"\n","level":"info","timestamp":"2020-06-26T09:55:23.382Z"}
{"message":"::1 - - [26/Jun/2020:09:55:29 +0000] \"OPTIONS /api/date HTTP/1.1\" 204 0 \"http://localhost:3789/day\" \"Mozilla/5.0 (Windows NT 10.0; Win64; x64; rv:77.0) Gecko/20100101 Firefox/77.0\"\n","level":"info","timestamp":"2020-06-26T09:55:29.021Z"}
{"message":"::1 - - [26/Jun/2020:09:55:29 +0000] \"PUT /api/date HTTP/1.1\" 200 152 \"http://localhost:3789/day\" \"Mozilla/5.0 (Windows NT 10.0; Win64; x64; rv:77.0) Gecko/20100101 Firefox/77.0\"\n","level":"info","timestamp":"2020-06-26T09:55:29.099Z"}
{"message":"::1 - - [26/Jun/2020:09:57:41 +0000] \"GET /api/date/2020-06-02T05:00:00.000Z/2020-06-03T05:00:00.000Z HTTP/1.1\" 200 169 \"http://localhost:3789/\" \"Mozilla/5.0 (Windows NT 10.0; Win64; x64; rv:77.0) Gecko/20100101 Firefox/77.0\"\n","level":"info","timestamp":"2020-06-26T09:57:41.927Z"}
{"message":"::1 - - [26/Jun/2020:09:57:49 +0000] \"OPTIONS /api/date HTTP/1.1\" 204 0 \"http://localhost:3789/day\" \"Mozilla/5.0 (Windows NT 10.0; Win64; x64; rv:77.0) Gecko/20100101 Firefox/77.0\"\n","level":"info","timestamp":"2020-06-26T09:57:49.923Z"}
{"message":"::1 - - [26/Jun/2020:09:57:49 +0000] \"PUT /api/date HTTP/1.1\" 200 160 \"http://localhost:3789/day\" \"Mozilla/5.0 (Windows NT 10.0; Win64; x64; rv:77.0) Gecko/20100101 Firefox/77.0\"\n","level":"info","timestamp":"2020-06-26T09:57:49.974Z"}
{"message":"::1 - - [26/Jun/2020:10:01:35 +0000] \"GET /api/days/2020-06-01T05:00:00.000Z/2020-08-01T04:59:59.999Z HTTP/1.1\" 200 4436 \"http://localhost:3789/\" \"Mozilla/5.0 (Windows NT 10.0; Win64; x64; rv:77.0) Gecko/20100101 Firefox/77.0\"\n","level":"info","timestamp":"2020-06-26T10:01:35.708Z"}
{"message":"::1 - - [26/Jun/2020:10:01:39 +0000] \"GET /api/date/2020-06-01T05:00:00.000Z/2020-06-02T05:00:00.000Z HTTP/1.1\" 200 177 \"http://localhost:3789/\" \"Mozilla/5.0 (Windows NT 10.0; Win64; x64; rv:77.0) Gecko/20100101 Firefox/77.0\"\n","level":"info","timestamp":"2020-06-26T10:01:39.967Z"}
{"message":"::1 - - [26/Jun/2020:10:01:45 +0000] \"OPTIONS /api/date HTTP/1.1\" 204 0 \"http://localhost:3789/day\" \"Mozilla/5.0 (Windows NT 10.0; Win64; x64; rv:77.0) Gecko/20100101 Firefox/77.0\"\n","level":"info","timestamp":"2020-06-26T10:01:45.337Z"}
{"message":"::1 - - [26/Jun/2020:10:01:45 +0000] \"PUT /api/date HTTP/1.1\" 200 168 \"http://localhost:3789/day\" \"Mozilla/5.0 (Windows NT 10.0; Win64; x64; rv:77.0) Gecko/20100101 Firefox/77.0\"\n","level":"info","timestamp":"2020-06-26T10:01:45.390Z"}
{"message":"::1 - - [26/Jun/2020:10:04:07 +0000] \"GET /api/days/2020-06-01T05:00:00.000Z/2020-08-01T04:59:59.999Z HTTP/1.1\" 200 4429 \"http://localhost:3789/\" \"Mozilla/5.0 (Windows NT 10.0; Win64; x64; rv:77.0) Gecko/20100101 Firefox/77.0\"\n","level":"info","timestamp":"2020-06-26T10:04:07.380Z"}
{"message":"::1 - - [26/Jun/2020:10:04:47 +0000] \"GET /api/date/2020-06-01T05:00:00.000Z/2020-06-02T05:00:00.000Z HTTP/1.1\" 200 170 \"http://localhost:3789/\" \"Mozilla/5.0 (Windows NT 10.0; Win64; x64; rv:77.0) Gecko/20100101 Firefox/77.0\"\n","level":"info","timestamp":"2020-06-26T10:04:47.315Z"}
{"message":"::1 - - [26/Jun/2020:10:04:52 +0000] \"OPTIONS /api/date HTTP/1.1\" 204 0 \"http://localhost:3789/day\" \"Mozilla/5.0 (Windows NT 10.0; Win64; x64; rv:77.0) Gecko/20100101 Firefox/77.0\"\n","level":"info","timestamp":"2020-06-26T10:04:52.602Z"}
{"message":"::1 - - [26/Jun/2020:10:04:52 +0000] \"PUT /api/date HTTP/1.1\" 200 160 \"http://localhost:3789/day\" \"Mozilla/5.0 (Windows NT 10.0; Win64; x64; rv:77.0) Gecko/20100101 Firefox/77.0\"\n","level":"info","timestamp":"2020-06-26T10:04:52.646Z"}
{"message":"::1 - - [26/Jun/2020:10:05:12 +0000] \"GET /api/date/2020-06-01T05:00:00.000Z/2020-06-02T05:00:00.000Z HTTP/1.1\" 200 162 \"http://localhost:3789/\" \"Mozilla/5.0 (Windows NT 10.0; Win64; x64; rv:77.0) Gecko/20100101 Firefox/77.0\"\n","level":"info","timestamp":"2020-06-26T10:05:12.034Z"}
{"message":"::1 - - [26/Jun/2020:10:05:15 +0000] \"OPTIONS /api/date HTTP/1.1\" 204 0 \"http://localhost:3789/day\" \"Mozilla/5.0 (Windows NT 10.0; Win64; x64; rv:77.0) Gecko/20100101 Firefox/77.0\"\n","level":"info","timestamp":"2020-06-26T10:05:15.626Z"}
{"message":"::1 - - [26/Jun/2020:10:05:15 +0000] \"PUT /api/date HTTP/1.1\" 200 152 \"http://localhost:3789/day\" \"Mozilla/5.0 (Windows NT 10.0; Win64; x64; rv:77.0) Gecko/20100101 Firefox/77.0\"\n","level":"info","timestamp":"2020-06-26T10:05:15.668Z"}
{"message":"::1 - - [26/Jun/2020:10:05:30 +0000] \"GET /api/date/2020-06-01T05:00:00.000Z/2020-06-02T05:00:00.000Z HTTP/1.1\" 200 154 \"http://localhost:3789/\" \"Mozilla/5.0 (Windows NT 10.0; Win64; x64; rv:77.0) Gecko/20100101 Firefox/77.0\"\n","level":"info","timestamp":"2020-06-26T10:05:30.090Z"}
{"message":"::1 - - [26/Jun/2020:10:05:33 +0000] \"OPTIONS /api/date HTTP/1.1\" 204 0 \"http://localhost:3789/day\" \"Mozilla/5.0 (Windows NT 10.0; Win64; x64; rv:77.0) Gecko/20100101 Firefox/77.0\"\n","level":"info","timestamp":"2020-06-26T10:05:33.654Z"}
{"message":"::1 - - [26/Jun/2020:10:05:33 +0000] \"PUT /api/date HTTP/1.1\" 200 144 \"http://localhost:3789/day\" \"Mozilla/5.0 (Windows NT 10.0; Win64; x64; rv:77.0) Gecko/20100101 Firefox/77.0\"\n","level":"info","timestamp":"2020-06-26T10:05:33.700Z"}
{"message":"::1 - - [26/Jun/2020:10:05:57 +0000] \"GET /api/days/2020-06-01T05:00:00.000Z/2020-08-01T04:59:59.999Z HTTP/1.1\" 200 4405 \"http://127.0.0.1:3789/\" \"Mozilla/5.0 (Windows NT 10.0; Win64; x64; rv:77.0) Gecko/20100101 Firefox/77.0\"\n","level":"info","timestamp":"2020-06-26T10:05:57.202Z"}
{"message":"::1 - - [26/Jun/2020:10:06:01 +0000] \"GET /api/date/2020-06-02T05:00:00.000Z/2020-06-03T05:00:00.000Z HTTP/1.1\" 200 162 \"http://127.0.0.1:3789/\" \"Mozilla/5.0 (Windows NT 10.0; Win64; x64; rv:77.0) Gecko/20100101 Firefox/77.0\"\n","level":"info","timestamp":"2020-06-26T10:06:01.273Z"}
{"message":"::1 - - [26/Jun/2020:10:06:05 +0000] \"GET /api/date/2020-06-01T05:00:00.000Z/2020-06-02T05:00:00.000Z HTTP/1.1\" 200 146 \"http://127.0.0.1:3789/\" \"Mozilla/5.0 (Windows NT 10.0; Win64; x64; rv:77.0) Gecko/20100101 Firefox/77.0\"\n","level":"info","timestamp":"2020-06-26T10:06:05.404Z"}
{"message":"::1 - - [26/Jun/2020:10:06:23 +0000] \"GET /api/days/2020-06-01T05:00:00.000Z/2020-08-01T04:59:59.999Z HTTP/1.1\" 200 4405 \"http://127.0.0.1:3789/day\" \"Mozilla/5.0 (Windows NT 10.0; Win64; x64; rv:77.0) Gecko/20100101 Firefox/77.0\"\n","level":"info","timestamp":"2020-06-26T10:06:23.737Z"}
{"message":"::1 - - [26/Jun/2020:10:07:07 +0000] \"GET /api/days/2020-06-01T05:00:00.000Z/2020-08-01T04:59:59.999Z HTTP/1.1\" 200 4405 \"http://localhost:3789/\" \"Mozilla/5.0 (Windows NT 10.0; Win64; x64; rv:77.0) Gecko/20100101 Firefox/77.0\"\n","level":"info","timestamp":"2020-06-26T10:07:07.532Z"}
{"message":"::1 - - [26/Jun/2020:10:07:11 +0000] \"GET /api/date/2020-06-01T05:00:00.000Z/2020-06-02T05:00:00.000Z HTTP/1.1\" 200 146 \"http://localhost:3789/\" \"Mozilla/5.0 (Windows NT 10.0; Win64; x64; rv:77.0) Gecko/20100101 Firefox/77.0\"\n","level":"info","timestamp":"2020-06-26T10:07:11.823Z"}
{"message":"::1 - - [26/Jun/2020:10:07:18 +0000] \"OPTIONS /api/date HTTP/1.1\" 204 0 \"http://localhost:3789/day\" \"Mozilla/5.0 (Windows NT 10.0; Win64; x64; rv:77.0) Gecko/20100101 Firefox/77.0\"\n","level":"info","timestamp":"2020-06-26T10:07:18.535Z"}
{"message":"::1 - - [26/Jun/2020:10:07:18 +0000] \"PUT /api/date HTTP/1.1\" 200 137 \"http://localhost:3789/day\" \"Mozilla/5.0 (Windows NT 10.0; Win64; x64; rv:77.0) Gecko/20100101 Firefox/77.0\"\n","level":"info","timestamp":"2020-06-26T10:07:18.583Z"}
{"message":"::1 - - [26/Jun/2020:10:07:33 +0000] \"GET /api/date/2020-06-01T05:00:00.000Z/2020-06-02T05:00:00.000Z HTTP/1.1\" 200 139 \"http://localhost:3789/\" \"Mozilla/5.0 (Windows NT 10.0; Win64; x64; rv:77.0) Gecko/20100101 Firefox/77.0\"\n","level":"info","timestamp":"2020-06-26T10:07:33.534Z"}
{"message":"::1 - - [26/Jun/2020:10:07:36 +0000] \"OPTIONS /api/date HTTP/1.1\" 204 0 \"http://localhost:3789/day\" \"Mozilla/5.0 (Windows NT 10.0; Win64; x64; rv:77.0) Gecko/20100101 Firefox/77.0\"\n","level":"info","timestamp":"2020-06-26T10:07:36.980Z"}
{"message":"::1 - - [26/Jun/2020:10:07:37 +0000] \"PUT /api/date HTTP/1.1\" 200 130 \"http://localhost:3789/day\" \"Mozilla/5.0 (Windows NT 10.0; Win64; x64; rv:77.0) Gecko/20100101 Firefox/77.0\"\n","level":"info","timestamp":"2020-06-26T10:07:37.021Z"}
{"message":"::1 - - [26/Jun/2020:10:07:49 +0000] \"GET /api/date/2020-06-01T05:00:00.000Z/2020-06-02T05:00:00.000Z HTTP/1.1\" 200 132 \"http://localhost:3789/\" \"Mozilla/5.0 (Windows NT 10.0; Win64; x64; rv:77.0) Gecko/20100101 Firefox/77.0\"\n","level":"info","timestamp":"2020-06-26T10:07:49.704Z"}
{"message":"::1 - - [26/Jun/2020:10:07:53 +0000] \"OPTIONS /api/date HTTP/1.1\" 204 0 \"http://localhost:3789/day\" \"Mozilla/5.0 (Windows NT 10.0; Win64; x64; rv:77.0) Gecko/20100101 Firefox/77.0\"\n","level":"info","timestamp":"2020-06-26T10:07:53.602Z"}
{"message":"::1 - - [26/Jun/2020:10:07:53 +0000] \"PUT /api/date HTTP/1.1\" 200 123 \"http://localhost:3789/day\" \"Mozilla/5.0 (Windows NT 10.0; Win64; x64; rv:77.0) Gecko/20100101 Firefox/77.0\"\n","level":"info","timestamp":"2020-06-26T10:07:53.682Z"}
{"message":"::1 - - [26/Jun/2020:10:08:49 +0000] \"GET /api/date/2020-06-01T05:00:00.000Z/2020-06-02T05:00:00.000Z HTTP/1.1\" 200 125 \"http://localhost:3789/\" \"Mozilla/5.0 (Windows NT 10.0; Win64; x64; rv:77.0) Gecko/20100101 Firefox/77.0\"\n","level":"info","timestamp":"2020-06-26T10:08:49.903Z"}
{"message":"server on http://localhost:3000 :)","level":"info","timestamp":"2020-06-26T10:09:05.878Z"}
{"message":"server on http://localhost:3000 :)","level":"info","timestamp":"2020-06-26T10:09:14.350Z"}
{"message":"::1 - - [26/Jun/2020:10:09:38 +0000] \"OPTIONS /api/date HTTP/1.1\" 204 0 \"http://localhost:3789/day\" \"Mozilla/5.0 (Windows NT 10.0; Win64; x64; rv:77.0) Gecko/20100101 Firefox/77.0\"\n","level":"info","timestamp":"2020-06-26T10:09:38.554Z"}
{"message":"::1 - - [26/Jun/2020:10:09:38 +0000] \"PUT /api/date HTTP/1.1\" 200 116 \"http://localhost:3789/day\" \"Mozilla/5.0 (Windows NT 10.0; Win64; x64; rv:77.0) Gecko/20100101 Firefox/77.0\"\n","level":"info","timestamp":"2020-06-26T10:09:38.880Z"}
{"message":"::1 - - [26/Jun/2020:10:09:52 +0000] \"GET /api/date/2020-06-01T05:00:00.000Z/2020-06-02T05:00:00.000Z HTTP/1.1\" 200 118 \"http://localhost:3789/\" \"Mozilla/5.0 (Windows NT 10.0; Win64; x64; rv:77.0) Gecko/20100101 Firefox/77.0\"\n","level":"info","timestamp":"2020-06-26T10:09:52.195Z"}
{"message":"::1 - - [26/Jun/2020:10:09:56 +0000] \"OPTIONS /api/date HTTP/1.1\" 204 0 \"http://localhost:3789/day\" \"Mozilla/5.0 (Windows NT 10.0; Win64; x64; rv:77.0) Gecko/20100101 Firefox/77.0\"\n","level":"info","timestamp":"2020-06-26T10:09:56.138Z"}
{"message":"::1 - - [26/Jun/2020:10:09:56 +0000] \"PUT /api/date HTTP/1.1\" 200 175 \"http://localhost:3789/day\" \"Mozilla/5.0 (Windows NT 10.0; Win64; x64; rv:77.0) Gecko/20100101 Firefox/77.0\"\n","level":"info","timestamp":"2020-06-26T10:09:56.181Z"}
{"message":"::1 - - [26/Jun/2020:10:10:14 +0000] \"GET /api/date/2020-06-01T05:00:00.000Z/2020-06-02T05:00:00.000Z HTTP/1.1\" 200 177 \"http://localhost:3789/\" \"Mozilla/5.0 (Windows NT 10.0; Win64; x64; rv:77.0) Gecko/20100101 Firefox/77.0\"\n","level":"info","timestamp":"2020-06-26T10:10:14.500Z"}
{"message":"::1 - - [26/Jun/2020:10:10:47 +0000] \"GET /api/date/2020-06-12T05:00:00.000Z/2020-06-13T05:00:00.000Z HTTP/1.1\" 200 154 \"http://localhost:3789/\" \"Mozilla/5.0 (Windows NT 10.0; Win64; x64; rv:77.0) Gecko/20100101 Firefox/77.0\"\n","level":"info","timestamp":"2020-06-26T10:10:47.020Z"}
{"message":"Graceful Shutdown.","level":"info","timestamp":"2020-06-26T10:11:04.898Z"}
{"message":"mongoose connect closing.","level":"info","timestamp":"2020-06-26T10:11:04.920Z"}
